
Showing logs for build [32mmeta-seldonio-sig-mlops-seldon-rnk6s-18[0m stage [32mmeta-pipeline[0m and container [32mstep-credential-initializer-8qb9g[0m
{"level":"warn","ts":1573143646.79074,"logger":"fallback-logger","caller":"logging/config.go:69","msg":"Fetch GitHub commit ID from kodata failed: \"ref: refs/heads/master\" is not a valid GitHub commit ID"}
{"level":"info","ts":1573143646.791302,"logger":"fallback-logger","caller":"creds-init/main.go:40","msg":"Credentials initialized."}

Showing logs for build [32mmeta-seldonio-sig-mlops-seldon-rnk6s-18[0m stage [32mmeta-pipeline[0m and container [32mstep-working-dir-initializer-dtrdm[0m
{"level":"warn","ts":1573143648.189149,"logger":"fallback-logger","caller":"logging/config.go:69","msg":"Fetch GitHub commit ID from kodata failed: open /var/run/ko/HEAD: no such file or directory"}
{"level":"info","ts":1573143648.1952052,"logger":"fallback-logger","caller":"bash/main.go:65","msg":"Successfully executed command \"mkdir -p /workspace/source\""}

Showing logs for build [32mmeta-seldonio-sig-mlops-seldon-rnk6s-18[0m stage [32mmeta-pipeline[0m and container [32mstep-place-tools[0m

Showing logs for build [32mmeta-seldonio-sig-mlops-seldon-rnk6s-18[0m stage [32mmeta-pipeline[0m and container [32mstep-git-source-meta-seldonio-sig-mlops-seldon-8vjkg[0m
{"level":"warn","ts":1573143654.2566745,"logger":"fallback-logger","caller":"logging/config.go:69","msg":"Fetch GitHub commit ID from kodata failed: \"ref: refs/heads/master\" is not a valid GitHub commit ID"}
{"level":"info","ts":1573143656.0751,"logger":"fallback-logger","caller":"git/git.go:102","msg":"Successfully cloned https://github.com/SeldonIO/sig-mlops-seldon-jenkins-x.git @ bb7bbb92678402e73728114fa09b2123306baeba in path /workspace/source"}

Showing logs for build [32mmeta-seldonio-sig-mlops-seldon-rnk6s-18[0m stage [32mmeta-pipeline[0m and container [32mstep-git-merge[0m
Using SHAs from PULL_REFS=master:bb7bbb92678402e73728114fa09b2123306baeba
WARNING: no SHAs to merge, falling back to initial cloned commit

Showing logs for build [32mmeta-seldonio-sig-mlops-seldon-rnk6s-18[0m stage [32mmeta-pipeline[0m and container [32mstep-merge-pull-refs[0m
SKIP merge-pull-refs: Nothing to merge

Showing logs for build [32mmeta-seldonio-sig-mlops-seldon-rnk6s-18[0m stage [32mmeta-pipeline[0m and container [32mstep-create-effective-pipeline[0m
error: failed to load project config in dir /workspace/source: Validation failures in YAML file /workspace/source/jenkins-x.yml:
pipelineConfig.pipelines.pullRequest.build: Additional property agent is not allowed
pipelineConfig.pipelines.pullRequest.build: Additional property options is not allowed
pipelineConfig.pipelines.pullRequest.build: Additional property stages is not allowed
pipelineConfig.pipelines.release.build: Additional property agent is not allowed
pipelineConfig.pipelines.release.build: Additional property options is not allowed
pipelineConfig.pipelines.release.build: Additional property stages is not allowed
[31m
Pipeline failed on stage 'meta-pipeline' : container 'step-create-effective-pipeline'. The execution of the pipeline has stopped.[0m
