
Showing logs for build [32mmeta-seldonio-sig-mlops-seldon-hmrqm-2[0m stage [32mrelease-promote[0m and container [32mstep-credential-initializer-8m546[0m
{"level":"warn","ts":1573231218.143171,"logger":"fallback-logger","caller":"logging/config.go:69","msg":"Fetch GitHub commit ID from kodata failed: \"ref: refs/heads/master\" is not a valid GitHub commit ID"}
{"level":"info","ts":1573231218.1442041,"logger":"fallback-logger","caller":"creds-init/main.go:40","msg":"Credentials initialized."}

Showing logs for build [32mmeta-seldonio-sig-mlops-seldon-hmrqm-2[0m stage [32mrelease-promote[0m and container [32mstep-working-dir-initializer-fxjtr[0m
{"level":"warn","ts":1573231219.2386303,"logger":"fallback-logger","caller":"logging/config.go:69","msg":"Fetch GitHub commit ID from kodata failed: open /var/run/ko/HEAD: no such file or directory"}
{"level":"info","ts":1573231219.2410347,"logger":"fallback-logger","caller":"bash/main.go:65","msg":"Successfully executed command \"mkdir -p /workspace/source\""}

Showing logs for build [32mmeta-seldonio-sig-mlops-seldon-hmrqm-2[0m stage [32mrelease-promote[0m and container [32mstep-place-tools[0m

Showing logs for build [32mmeta-seldonio-sig-mlops-seldon-hmrqm-2[0m stage [32mrelease-promote[0m and container [32mstep-git-source-seldonio-sig-mlops-seldon-jenki-nnsp7[0m
{"level":"warn","ts":1573231224.379776,"logger":"fallback-logger","caller":"logging/config.go:69","msg":"Fetch GitHub commit ID from kodata failed: \"ref: refs/heads/master\" is not a valid GitHub commit ID"}
{"level":"info","ts":1573231226.2348857,"logger":"fallback-logger","caller":"git/git.go:102","msg":"Successfully cloned https://github.com/SeldonIO/sig-mlops-seldon-jenkins-x.git @ v0.0.33 in path /workspace/source"}

Showing logs for build [32mmeta-seldonio-sig-mlops-seldon-hmrqm-2[0m stage [32mrelease-promote[0m and container [32mstep-git-merge[0m
Using SHAs from PULL_REFS=master:6b1ec25d63662c26f70a2d738a20f9205d6f454e
WARNING: no SHAs to merge, falling back to initial cloned commit

Showing logs for build [32mmeta-seldonio-sig-mlops-seldon-hmrqm-2[0m stage [32mrelease-promote[0m and container [32mstep-changelog[0m
Converted /workspace/source/charts/sklearn-model-server to an unshallow repository
Generating change log from git ref 74b3e96308983ab52db60d823c33250a5b82c22a => b9909ad46d8d1a3a00108c5fdf3869a52d30d38b
Associating user x-0 in users.jenkins.io with email axsauze@gmail.com to git GitProvider user with login -0 as emails match
Adding label jenkins.io/git-github-userid=-0 to user x-0 in users.jenkins.io
WARNING: Failed to enrich commit 6b1ec25d63662c26f70a2d738a20f9205d6f454e with issues: User.jenkins.io "x-0" is invalid: metadata.labels: Invalid value: "-0": a valid label must be an empty string or consist of alphanumeric characters, '-', '_' or '.', and must start and end with an alphanumeric character (e.g. 'MyValue',  or 'my_value',  or '12345', regex used for validation is '(([A-Za-z0-9][-A-Za-z0-9_.]*)?[A-Za-z0-9])?')
Finding issues in commit messages using git format
WARNING: No release found for SeldonIO/sig-mlops-seldon-jenkins-x and tag v0.0.33 so creating a new release
Updated the release information at https://github.com/SeldonIO/sig-mlops-seldon-jenkins-x/releases/tag/v0.0.33
generated: /workspace/source/charts/sklearn-model-server/templates/release.yaml
Created Release sig-mlops-seldon-jenkins-x-0-0-33 resource in namespace **
Updating PipelineActivity seldonio-sig-mlops-seldon-jenkins-x-master-2 with version 0.0.33
Updated PipelineActivities seldonio-sig-mlops-seldon-jenkins-x-master-2 with release notes URL: https://github.com/SeldonIO/sig-mlops-seldon-jenkins-x/releases/tag/v0.0.33

Showing logs for build [32mmeta-seldonio-sig-mlops-seldon-hmrqm-2[0m stage [32mrelease-promote[0m and container [32mstep-helm-release[0m
WARNING: No $CHART_REPOSITORY defined so using the default value of: http://jenkins-x-chartmuseum:8080
Adding missing Helm repo: storage.googleapis.com https://storage.googleapis.com/chartmuseum.jenkins-x.io
Read credentials for https://storage.googleapis.com/chartmuseum.jenkins-x.io from vault helm/repos
Successfully added Helm repository storage.googleapis.com.
Adding missing Helm repo: jenkins-x-chartmuseum http://jenkins-x-chartmuseum:8080
Read credentials for http://jenkins-x-chartmuseum:8080 from vault helm/repos
Successfully added Helm repository jenkins-x-chartmuseum.
WARNING: No $CHART_REPOSITORY defined so using the default value of: http://jenkins-x-chartmuseum:8080
Uploading chart file sklearn-model-server-0.0.33.tgz to http://jenkins-x-chartmuseum:8080/api/charts
Received 201 response: {"saved":true}

Showing logs for build [32mmeta-seldonio-sig-mlops-seldon-hmrqm-2[0m stage [32mrelease-promote[0m and container [32mstep-helm-release-promote[0m
WARNING: prow based install so skip waiting for the merge of Pull Requests to go green as currently there is an issue with gettingstatuses from the PR, see https://github.com/jenkins-x/**/issues/2410
Promoting app sklearn-model-server version 0.0.33 to namespace **-staging
Created Pull Request: https://github.com/SeldonIO/environment-**-production-cluster-staging/pull/4
Pull Request https://github.com/SeldonIO/environment-**-production-cluster-staging/pull/4 is merged at sha 58770c7814219d5209b5c4b8f47ff88bea43d6ac
Pull Request merged but we are not waiting for the update pipeline to complete!
WARNING: Could not find the service URL in namespace **-staging for names sklearn-model-server, **-sklearn-model-server, **-staging-sklearn-model-server
