
Showing logs for build [32mmeta-seldonio-sig-mlops-seldon-7tdlb-25[0m stage [32mmeta-pipeline[0m and container [32mstep-credential-initializer-qb7bl[0m
{"level":"warn","ts":1573145451.4853196,"logger":"fallback-logger","caller":"logging/config.go:69","msg":"Fetch GitHub commit ID from kodata failed: \"ref: refs/heads/master\" is not a valid GitHub commit ID"}
{"level":"info","ts":1573145451.4860716,"logger":"fallback-logger","caller":"creds-init/main.go:40","msg":"Credentials initialized."}

Showing logs for build [32mmeta-seldonio-sig-mlops-seldon-7tdlb-25[0m stage [32mmeta-pipeline[0m and container [32mstep-working-dir-initializer-qn4wc[0m
{"level":"warn","ts":1573145452.5123982,"logger":"fallback-logger","caller":"logging/config.go:69","msg":"Fetch GitHub commit ID from kodata failed: open /var/run/ko/HEAD: no such file or directory"}
{"level":"info","ts":1573145452.5143938,"logger":"fallback-logger","caller":"bash/main.go:65","msg":"Successfully executed command \"mkdir -p /workspace/source\""}

Showing logs for build [32mmeta-seldonio-sig-mlops-seldon-7tdlb-25[0m stage [32mmeta-pipeline[0m and container [32mstep-place-tools[0m

Showing logs for build [32mmeta-seldonio-sig-mlops-seldon-7tdlb-25[0m stage [32mmeta-pipeline[0m and container [32mstep-git-source-meta-seldonio-sig-mlops-seldon-c5r4k[0m
{"level":"warn","ts":1573145458.5482936,"logger":"fallback-logger","caller":"logging/config.go:69","msg":"Fetch GitHub commit ID from kodata failed: \"ref: refs/heads/master\" is not a valid GitHub commit ID"}
{"level":"info","ts":1573145459.7549353,"logger":"fallback-logger","caller":"git/git.go:102","msg":"Successfully cloned https://github.com/SeldonIO/sig-mlops-seldon-jenkins-x.git @ 3249c5dd9147378ba4cc7194feeb56bbae72c001 in path /workspace/source"}

Showing logs for build [32mmeta-seldonio-sig-mlops-seldon-7tdlb-25[0m stage [32mmeta-pipeline[0m and container [32mstep-git-merge[0m
Using SHAs from PULL_REFS=master:3249c5dd9147378ba4cc7194feeb56bbae72c001
WARNING: no SHAs to merge, falling back to initial cloned commit

Showing logs for build [32mmeta-seldonio-sig-mlops-seldon-7tdlb-25[0m stage [32mmeta-pipeline[0m and container [32mstep-merge-pull-refs[0m
SKIP merge-pull-refs: Nothing to merge

Showing logs for build [32mmeta-seldonio-sig-mlops-seldon-7tdlb-25[0m stage [32mmeta-pipeline[0m and container [32mstep-create-effective-pipeline[0m
error: failed to create effective pipeline for pull request: validation failed for Pipeline: step names within a stage must be unique: stages[1].steps
The following step names in the stage release-promote are used more than once: helm-release
[31m
Pipeline failed on stage 'meta-pipeline' : container 'step-create-effective-pipeline'. The execution of the pipeline has stopped.[0m
