
Showing logs for build [32mseldonio-sig-mlops-seldon-jenki-z5jpk-8[0m stage [32mtest-and-deploy-sklearn-server[0m and container [32mstep-credential-initializer-v9tv6[0m
{"level":"warn","ts":1573070132.8169832,"logger":"fallback-logger","caller":"logging/config.go:69","msg":"Fetch GitHub commit ID from kodata failed: \"ref: refs/heads/master\" is not a valid GitHub commit ID"}
{"level":"info","ts":1573070132.8175678,"logger":"fallback-logger","caller":"creds-init/main.go:40","msg":"Credentials initialized."}

Showing logs for build [32mseldonio-sig-mlops-seldon-jenki-z5jpk-8[0m stage [32mtest-and-deploy-sklearn-server[0m and container [32mstep-working-dir-initializer-k4q7w[0m
{"level":"warn","ts":1573070133.9330165,"logger":"fallback-logger","caller":"logging/config.go:69","msg":"Fetch GitHub commit ID from kodata failed: open /var/run/ko/HEAD: no such file or directory"}
{"level":"info","ts":1573070134.0329077,"logger":"fallback-logger","caller":"bash/main.go:65","msg":"Successfully executed command \"mkdir -p /workspace/source\""}

Showing logs for build [32mseldonio-sig-mlops-seldon-jenki-z5jpk-8[0m stage [32mtest-and-deploy-sklearn-server[0m and container [32mstep-place-tools[0m

Showing logs for build [32mseldonio-sig-mlops-seldon-jenki-z5jpk-8[0m stage [32mtest-and-deploy-sklearn-server[0m and container [32mstep-git-source-seldonio-sig-mlops-seldon-jenki-99mn7[0m
{"level":"warn","ts":1573070138.9808075,"logger":"fallback-logger","caller":"logging/config.go:69","msg":"Fetch GitHub commit ID from kodata failed: \"ref: refs/heads/master\" is not a valid GitHub commit ID"}
{"level":"info","ts":1573070140.8493059,"logger":"fallback-logger","caller":"git/git.go:102","msg":"Successfully cloned https://github.com/SeldonIO/sig-mlops-seldon-jenkins-x.git @ v0.0.8 in path /workspace/source"}

Showing logs for build [32mseldonio-sig-mlops-seldon-jenki-z5jpk-8[0m stage [32mtest-and-deploy-sklearn-server[0m and container [32mstep-git-merge[0m
Using SHAs from PULL_REFS=master:b2400156c83b995d24ccc75b05b271558b2ba31b
WARNING: no SHAs to merge, falling back to initial cloned commit

Showing logs for build [32mseldonio-sig-mlops-seldon-jenki-z5jpk-8[0m stage [32mtest-and-deploy-sklearn-server[0m and container [32mstep-run-tests[0m
Makefile:19: warning: overriding recipe for target 'make'
Makefile:16: warning: ignoring old recipe for target 'make'
pip install -r src/requirements-dev.txt
Collecting scikit-learn==0.20.1
  Downloading https://files.pythonhosted.org/packages/10/26/d04320c3edf2d59b1fcd0720b46753d4d603a76e68d8ad10a9b92ab06db2/scikit_learn-0.20.1-cp36-cp36m-manylinux1_x86_64.whl (5.4MB)
Collecting joblib==0.13.2
  Downloading https://files.pythonhosted.org/packages/cd/c1/50a758e8247561e58cb87305b1e90b171b8c767b15b12a1734001f41d356/joblib-0.13.2-py2.py3-none-any.whl (278kB)
Collecting pytest==5.1.1
  Downloading https://files.pythonhosted.org/packages/ef/3b/5652e27e048ae086f79ce9c4ce8a2da6bad1e9590788e5768aafc6f375ef/pytest-5.1.1-py3-none-any.whl (223kB)
Collecting numpy>=1.8.2
  Downloading https://files.pythonhosted.org/packages/0e/46/ae6773894f7eacf53308086287897ec568eac9768918d913d5b9d366c5db/numpy-1.17.3-cp36-cp36m-manylinux1_x86_64.whl (20.0MB)
Collecting scipy>=0.13.3
  Downloading https://files.pythonhosted.org/packages/29/50/a552a5aff252ae915f522e44642bb49a7b7b31677f9580cfd11bcc869976/scipy-1.3.1-cp36-cp36m-manylinux1_x86_64.whl (25.2MB)
Collecting importlib-metadata>=0.12; python_version < "3.8"
  Downloading https://files.pythonhosted.org/packages/f6/d2/40b3fa882147719744e6aa50ac39cf7a22a913cbcba86a0371176c425a3b/importlib_metadata-0.23-py2.py3-none-any.whl
Collecting wcwidth
  Downloading https://files.pythonhosted.org/packages/7e/9f/526a6947247599b084ee5232e4f9190a38f398d7300d866af3ab571a5bfe/wcwidth-0.1.7-py2.py3-none-any.whl
Collecting packaging
  Downloading https://files.pythonhosted.org/packages/cf/94/9672c2d4b126e74c4496c6b3c58a8b51d6419267be9e70660ba23374c875/packaging-19.2-py2.py3-none-any.whl
Collecting py>=1.5.0
  Downloading https://files.pythonhosted.org/packages/76/bc/394ad449851729244a97857ee14d7cba61ddb268dce3db538ba2f2ba1f0f/py-1.8.0-py2.py3-none-any.whl (83kB)
Collecting more-itertools>=4.0.0
  Downloading https://files.pythonhosted.org/packages/45/dc/3241eef99eb45f1def35cf93af35d1cf9ef4c0991792583b8f33ea41b092/more_itertools-7.2.0-py3-none-any.whl (57kB)
Collecting atomicwrites>=1.0
  Downloading https://files.pythonhosted.org/packages/52/90/6155aa926f43f2b2a22b01be7241be3bfd1ceaf7d0b3267213e8127d41f4/atomicwrites-1.3.0-py2.py3-none-any.whl
Collecting pluggy<1.0,>=0.12
  Downloading https://files.pythonhosted.org/packages/92/c7/48439f7d5fd6bddb4c04b850bb862b42e3e2b98570040dfaf68aedd8114b/pluggy-0.13.0-py2.py3-none-any.whl
Collecting attrs>=17.4.0
  Downloading https://files.pythonhosted.org/packages/a2/db/4313ab3be961f7a763066401fb77f7748373b6094076ae2bda2806988af6/attrs-19.3.0-py2.py3-none-any.whl
Collecting zipp>=0.5
  Downloading https://files.pythonhosted.org/packages/74/3d/1ee25a26411ba0401b43c6376d2316a71addcc72ef8690b101b4ea56d76a/zipp-0.6.0-py2.py3-none-any.whl
Collecting pyparsing>=2.0.2
  Downloading https://files.pythonhosted.org/packages/a3/c4/7828cf9e71ce8fbd43c1e502f3fdd0498f069fcf9d1c268205ce278ae201/pyparsing-2.4.4-py2.py3-none-any.whl (67kB)
Requirement already satisfied: six in /usr/local/lib/python3.6/site-packages (from packaging->pytest==5.1.1->-r src/requirements-dev.txt (line 3)) (1.12.0)
Installing collected packages: numpy, scipy, scikit-learn, joblib, more-itertools, zipp, importlib-metadata, wcwidth, pyparsing, packaging, py, atomicwrites, pluggy, attrs, pytest
Successfully installed atomicwrites-1.3.0 attrs-19.3.0 importlib-metadata-0.23 joblib-0.13.2 more-itertools-7.2.0 numpy-1.17.3 packaging-19.2 pluggy-0.13.0 py-1.8.0 pyparsing-2.4.4 pytest-5.1.1 scikit-learn-0.20.1 scipy-1.3.1 wcwidth-0.1.7 zipp-0.6.0
(cd src && pytest -s --verbose -W ignore 2>&1)
============================= test session starts ==============================
platform linux -- Python 3.6.0, pytest-5.1.1, py-1.8.0, pluggy-0.13.0 -- /usr/local/bin/python3.6
cachedir: .pytest_cache
rootdir: /
collecting ... collected 1 item

test_SklearnServer.py::test_sklearn_server PASSED

============================== 1 passed in 0.28s ===============================

Showing logs for build [32mseldonio-sig-mlops-seldon-jenki-z5jpk-8[0m stage [32mtest-and-deploy-sklearn-server[0m and container [32mstep-build-and-push-images[0m
Starting Docker: docker.
[SETUP] Waiting for Docker to be ready, sleeping for 1 seconds ...
Makefile:19: warning: overriding recipe for target 'make'
Makefile:16: warning: ignoring old recipe for target 'make'
s2i build src/. seldonio/seldon-core-s2i-python3:0.13 sklearn-server:0.1 \
	--environment-file src/seldon_model.conf
---> Installing application source...
---> Installing dependencies ...
Looking in links: /whl
Collecting scikit-learn==0.20.1 (from -r requirements.txt (line 1))
  WARNING: Url '/whl' is ignored. It is either a non-existing path or lacks a specific scheme.
Downloading https://files.pythonhosted.org/packages/b0/3a/0802b78f697ae04ba06f49d0ebc6e872f2c470687c3e61ad8ef523e125c3/scikit_learn-0.20.1-cp37-cp37m-manylinux1_x86_64.whl (5.4MB)
Collecting joblib==0.13.2 (from -r requirements.txt (line 2))
  WARNING: Url '/whl' is ignored. It is either a non-existing path or lacks a specific scheme.
Downloading https://files.pythonhosted.org/packages/cd/c1/50a758e8247561e58cb87305b1e90b171b8c767b15b12a1734001f41d356/joblib-0.13.2-py2.py3-none-any.whl (278kB)
Requirement already satisfied: numpy>=1.8.2 in /usr/local/lib/python3.7/site-packages (from scikit-learn==0.20.1->-r requirements.txt (line 1)) (1.17.3)
Collecting scipy>=0.13.3 (from scikit-learn==0.20.1->-r requirements.txt (line 1))
  WARNING: Url '/whl' is ignored. It is either a non-existing path or lacks a specific scheme.
Downloading https://files.pythonhosted.org/packages/94/7f/b535ec711cbcc3246abea4385d17e1b325d4c3404dd86f15fc4f3dba1dbb/scipy-1.3.1-cp37-cp37m-manylinux1_x86_64.whl (25.2MB)
Installing collected packages: scipy, scikit-learn, joblib
Successfully installed joblib-0.13.2 scikit-learn-0.20.1 scipy-1.3.1
WARNING: You are using pip version 19.1.1, however version 19.3.1 is available.
You should consider upgrading via the 'pip install --upgrade pip' command.
Build completed successfully
docker push seldonio/nmt-model-server_rest:0.0.8
The push refers to repository [docker.io/seldonio/nmt-model-server_rest]
An image does not exist locally with the tag: seldonio/nmt-model-server_rest
make: *** [push_to_dockerhub] Error 1
Makefile:13: recipe for target 'push_to_dockerhub' failed
Stopping Docker: dockerProgram process in pidfile '/var/run/docker-ssd.pid', 1 process(es), refused to die.
[31m
Pipeline failed on stage 'test-and-deploy-sklearn-server' : container 'step-build-and-push-images'. The execution of the pipeline has stopped.[0m
